<?xml version="1.0" encoding="UTF-8"?>
<!-- Generated by org.testng.reporters.JUnitReportReporter -->
<testsuite hostname="Cyrine" name="com.crm.test.ContactPageTest" tests="3" failures="3" timestamp="14 Jun 2020 00:01:04 GMT" time="0.008" errors="0">
  <testcase name="addContact" time="0.002" classname="com.crm.test.ContactPageTest">
    <failure type="org.openqa.selenium.SessionNotCreatedException" message="session not created: This version of ChromeDriver only supports Chrome version 80
Build info: version: &#039;3.13.0&#039;, revision: &#039;2f0d292&#039;, time: &#039;2018-06-25T15:24:21.231Z&#039;
System info: host: &#039;CYRINE&#039;, ip: &#039;192.168.1.7&#039;, os.name: &#039;Windows 10&#039;, os.arch: &#039;amd64&#039;, os.version: &#039;10.0&#039;, java.version: &#039;1.8.0_231&#039;
Driver info: driver.version: ChromeDriver
remote stacktrace: Backtrace:
	Ordinal0 [0x00FB0C83+1707139]
	Ordinal0 [0x00F168F1+1075441]
	Ordinal0 [0x00E8DFC9+516041]
	Ordinal0 [0x00E20554+66900]
	Ordinal0 [0x00E1CCE2+52450]
	Ordinal0 [0x00E3BFD7+180183]
	Ordinal0 [0x00E3BDDD+179677]
	Ordinal0 [0x00E39D4B+171339]
	Ordinal0 [0x00E21D4A+73034]
	Ordinal0 [0x00E22DC0+77248]
	Ordinal0 [0x00E22D59+77145]
	Ordinal0 [0x00F2BB67+1162087]
	GetHandleVerifier [0x0104A966+508998]
	GetHandleVerifier [0x0104A6A4+508292]
	GetHandleVerifier [0x0105F7B7+594583]
	GetHandleVerifier [0x0104B1D6+511158]
	Ordinal0 [0x00F2402C+1130540]
	Ordinal0 [0x00F2D4CB+1168587]
	Ordinal0 [0x00F2D633+1168947]
	Ordinal0 [0x00F45B35+1268533]
	BaseThreadInitThunk [0x747C6359+25]
	RtlGetAppContainerNamedObjectPath [0x76FC7C24+228]
	RtlGetAppContainerNamedObjectPath [0x76FC7BF4+180]
">
      <![CDATA[org.openqa.selenium.SessionNotCreatedException: session not created: This version of ChromeDriver only supports Chrome version 80
Build info: version: '3.13.0', revision: '2f0d292', time: '2018-06-25T15:24:21.231Z'
System info: host: 'CYRINE', ip: '192.168.1.7', os.name: 'Windows 10', os.arch: 'amd64', os.version: '10.0', java.version: '1.8.0_231'
Driver info: driver.version: ChromeDriver
remote stacktrace: Backtrace:
	Ordinal0 [0x00FB0C83+1707139]
	Ordinal0 [0x00F168F1+1075441]
	Ordinal0 [0x00E8DFC9+516041]
	Ordinal0 [0x00E20554+66900]
	Ordinal0 [0x00E1CCE2+52450]
	Ordinal0 [0x00E3BFD7+180183]
	Ordinal0 [0x00E3BDDD+179677]
	Ordinal0 [0x00E39D4B+171339]
	Ordinal0 [0x00E21D4A+73034]
	Ordinal0 [0x00E22DC0+77248]
	Ordinal0 [0x00E22D59+77145]
	Ordinal0 [0x00F2BB67+1162087]
	GetHandleVerifier [0x0104A966+508998]
	GetHandleVerifier [0x0104A6A4+508292]
	GetHandleVerifier [0x0105F7B7+594583]
	GetHandleVerifier [0x0104B1D6+511158]
	Ordinal0 [0x00F2402C+1130540]
	Ordinal0 [0x00F2D4CB+1168587]
	Ordinal0 [0x00F2D633+1168947]
	Ordinal0 [0x00F45B35+1268533]
	BaseThreadInitThunk [0x747C6359+25]
	RtlGetAppContainerNamedObjectPath [0x76FC7C24+228]
	RtlGetAppContainerNamedObjectPath [0x76FC7BF4+180]

	at sun.reflect.NativeConstructorAccessorImpl.newInstance0(Native Method)
	at sun.reflect.NativeConstructorAccessorImpl.newInstance(Unknown Source)
	at sun.reflect.DelegatingConstructorAccessorImpl.newInstance(Unknown Source)
	at java.lang.reflect.Constructor.newInstance(Unknown Source)
	at org.openqa.selenium.remote.W3CHandshakeResponse.lambda$new$0(W3CHandshakeResponse.java:57)
	at org.openqa.selenium.remote.W3CHandshakeResponse.lambda$getResponseFunction$2(W3CHandshakeResponse.java:104)
	at org.openqa.selenium.remote.ProtocolHandshake.lambda$createSession$0(ProtocolHandshake.java:123)
	at java.util.stream.ReferencePipeline$3$1.accept(Unknown Source)
	at java.util.Spliterators$ArraySpliterator.tryAdvance(Unknown Source)
	at java.util.stream.ReferencePipeline.forEachWithCancel(Unknown Source)
	at java.util.stream.AbstractPipeline.copyIntoWithCancel(Unknown Source)
	at java.util.stream.AbstractPipeline.copyInto(Unknown Source)
	at java.util.stream.AbstractPipeline.wrapAndCopyInto(Unknown Source)
	at java.util.stream.FindOps$FindOp.evaluateSequential(Unknown Source)
	at java.util.stream.AbstractPipeline.evaluate(Unknown Source)
	at java.util.stream.ReferencePipeline.findFirst(Unknown Source)
	at org.openqa.selenium.remote.ProtocolHandshake.createSession(ProtocolHandshake.java:126)
	at org.openqa.selenium.remote.ProtocolHandshake.createSession(ProtocolHandshake.java:73)
	at org.openqa.selenium.remote.HttpCommandExecutor.execute(HttpCommandExecutor.java:136)
	at org.openqa.selenium.remote.service.DriverCommandExecutor.execute(DriverCommandExecutor.java:83)
	at org.openqa.selenium.remote.RemoteWebDriver.execute(RemoteWebDriver.java:548)
	at org.openqa.selenium.remote.RemoteWebDriver.startSession(RemoteWebDriver.java:212)
	at org.openqa.selenium.remote.RemoteWebDriver.<init>(RemoteWebDriver.java:130)
	at org.openqa.selenium.chrome.ChromeDriver.<init>(ChromeDriver.java:181)
	at org.openqa.selenium.chrome.ChromeDriver.<init>(ChromeDriver.java:168)
	at org.openqa.selenium.chrome.ChromeDriver.<init>(ChromeDriver.java:123)
	at com.crm.base.TestBase.initialization(TestBase.java:33)
	at com.crm.test.ContactPageTest.Login(ContactPageTest.java:32)
	at sun.reflect.NativeMethodAccessorImpl.invoke0(Native Method)
	at sun.reflect.NativeMethodAccessorImpl.invoke(Unknown Source)
	at sun.reflect.DelegatingMethodAccessorImpl.invoke(Unknown Source)
	at java.lang.reflect.Method.invoke(Unknown Source)
	at org.testng.internal.MethodInvocationHelper.invokeMethod(MethodInvocationHelper.java:84)
	at org.testng.internal.Invoker.invokeConfigurationMethod(Invoker.java:564)
	at org.testng.internal.Invoker.invokeConfigurations(Invoker.java:213)
	at org.testng.internal.Invoker.invokeMethod(Invoker.java:653)
	at org.testng.internal.Invoker.invokeTestMethod(Invoker.java:901)
	at org.testng.internal.Invoker.invokeTestMethods(Invoker.java:1231)
	at org.testng.internal.TestMethodWorker.invokeTestMethods(TestMethodWorker.java:127)
	at org.testng.internal.TestMethodWorker.run(TestMethodWorker.java:111)
	at org.testng.TestRunner.privateRun(TestRunner.java:767)
	at org.testng.TestRunner.run(TestRunner.java:617)
	at org.testng.SuiteRunner.runTest(SuiteRunner.java:348)
	at org.testng.SuiteRunner.runSequentially(SuiteRunner.java:343)
	at org.testng.SuiteRunner.privateRun(SuiteRunner.java:305)
	at org.testng.SuiteRunner.run(SuiteRunner.java:254)
	at org.testng.SuiteRunnerWorker.runSuite(SuiteRunnerWorker.java:52)
	at org.testng.SuiteRunnerWorker.run(SuiteRunnerWorker.java:86)
	at org.testng.TestNG.runSuitesSequentially(TestNG.java:1224)
	at org.testng.TestNG.runSuitesLocally(TestNG.java:1149)
	at org.testng.TestNG.run(TestNG.java:1057)
	at org.testng.remote.AbstractRemoteTestNG.run(AbstractRemoteTestNG.java:115)
	at org.testng.remote.RemoteTestNG.initAndRun(RemoteTestNG.java:251)
	at org.testng.remote.RemoteTestNG.main(RemoteTestNG.java:77)
]]>
    </failure>
  </testcase> <!-- addContact -->
  <testcase name="addContact" time="0.002" classname="com.crm.test.ContactPageTest">
    <failure type="org.openqa.selenium.SessionNotCreatedException" message="session not created: This version of ChromeDriver only supports Chrome version 80
Build info: version: &#039;3.13.0&#039;, revision: &#039;2f0d292&#039;, time: &#039;2018-06-25T15:24:21.231Z&#039;
System info: host: &#039;CYRINE&#039;, ip: &#039;192.168.1.7&#039;, os.name: &#039;Windows 10&#039;, os.arch: &#039;amd64&#039;, os.version: &#039;10.0&#039;, java.version: &#039;1.8.0_231&#039;
Driver info: driver.version: ChromeDriver
remote stacktrace: Backtrace:
	Ordinal0 [0x00FB0C83+1707139]
	Ordinal0 [0x00F168F1+1075441]
	Ordinal0 [0x00E8DFC9+516041]
	Ordinal0 [0x00E20554+66900]
	Ordinal0 [0x00E1CCE2+52450]
	Ordinal0 [0x00E3BFD7+180183]
	Ordinal0 [0x00E3BDDD+179677]
	Ordinal0 [0x00E39D4B+171339]
	Ordinal0 [0x00E21D4A+73034]
	Ordinal0 [0x00E22DC0+77248]
	Ordinal0 [0x00E22D59+77145]
	Ordinal0 [0x00F2BB67+1162087]
	GetHandleVerifier [0x0104A966+508998]
	GetHandleVerifier [0x0104A6A4+508292]
	GetHandleVerifier [0x0105F7B7+594583]
	GetHandleVerifier [0x0104B1D6+511158]
	Ordinal0 [0x00F2402C+1130540]
	Ordinal0 [0x00F2D4CB+1168587]
	Ordinal0 [0x00F2D633+1168947]
	Ordinal0 [0x00F45B35+1268533]
	BaseThreadInitThunk [0x747C6359+25]
	RtlGetAppContainerNamedObjectPath [0x76FC7C24+228]
	RtlGetAppContainerNamedObjectPath [0x76FC7BF4+180]
">
      <![CDATA[org.openqa.selenium.SessionNotCreatedException: session not created: This version of ChromeDriver only supports Chrome version 80
Build info: version: '3.13.0', revision: '2f0d292', time: '2018-06-25T15:24:21.231Z'
System info: host: 'CYRINE', ip: '192.168.1.7', os.name: 'Windows 10', os.arch: 'amd64', os.version: '10.0', java.version: '1.8.0_231'
Driver info: driver.version: ChromeDriver
remote stacktrace: Backtrace:
	Ordinal0 [0x00FB0C83+1707139]
	Ordinal0 [0x00F168F1+1075441]
	Ordinal0 [0x00E8DFC9+516041]
	Ordinal0 [0x00E20554+66900]
	Ordinal0 [0x00E1CCE2+52450]
	Ordinal0 [0x00E3BFD7+180183]
	Ordinal0 [0x00E3BDDD+179677]
	Ordinal0 [0x00E39D4B+171339]
	Ordinal0 [0x00E21D4A+73034]
	Ordinal0 [0x00E22DC0+77248]
	Ordinal0 [0x00E22D59+77145]
	Ordinal0 [0x00F2BB67+1162087]
	GetHandleVerifier [0x0104A966+508998]
	GetHandleVerifier [0x0104A6A4+508292]
	GetHandleVerifier [0x0105F7B7+594583]
	GetHandleVerifier [0x0104B1D6+511158]
	Ordinal0 [0x00F2402C+1130540]
	Ordinal0 [0x00F2D4CB+1168587]
	Ordinal0 [0x00F2D633+1168947]
	Ordinal0 [0x00F45B35+1268533]
	BaseThreadInitThunk [0x747C6359+25]
	RtlGetAppContainerNamedObjectPath [0x76FC7C24+228]
	RtlGetAppContainerNamedObjectPath [0x76FC7BF4+180]

	at sun.reflect.NativeConstructorAccessorImpl.newInstance0(Native Method)
	at sun.reflect.NativeConstructorAccessorImpl.newInstance(Unknown Source)
	at sun.reflect.DelegatingConstructorAccessorImpl.newInstance(Unknown Source)
	at java.lang.reflect.Constructor.newInstance(Unknown Source)
	at org.openqa.selenium.remote.W3CHandshakeResponse.lambda$new$0(W3CHandshakeResponse.java:57)
	at org.openqa.selenium.remote.W3CHandshakeResponse.lambda$getResponseFunction$2(W3CHandshakeResponse.java:104)
	at org.openqa.selenium.remote.ProtocolHandshake.lambda$createSession$0(ProtocolHandshake.java:123)
	at java.util.stream.ReferencePipeline$3$1.accept(Unknown Source)
	at java.util.Spliterators$ArraySpliterator.tryAdvance(Unknown Source)
	at java.util.stream.ReferencePipeline.forEachWithCancel(Unknown Source)
	at java.util.stream.AbstractPipeline.copyIntoWithCancel(Unknown Source)
	at java.util.stream.AbstractPipeline.copyInto(Unknown Source)
	at java.util.stream.AbstractPipeline.wrapAndCopyInto(Unknown Source)
	at java.util.stream.FindOps$FindOp.evaluateSequential(Unknown Source)
	at java.util.stream.AbstractPipeline.evaluate(Unknown Source)
	at java.util.stream.ReferencePipeline.findFirst(Unknown Source)
	at org.openqa.selenium.remote.ProtocolHandshake.createSession(ProtocolHandshake.java:126)
	at org.openqa.selenium.remote.ProtocolHandshake.createSession(ProtocolHandshake.java:73)
	at org.openqa.selenium.remote.HttpCommandExecutor.execute(HttpCommandExecutor.java:136)
	at org.openqa.selenium.remote.service.DriverCommandExecutor.execute(DriverCommandExecutor.java:83)
	at org.openqa.selenium.remote.RemoteWebDriver.execute(RemoteWebDriver.java:548)
	at org.openqa.selenium.remote.RemoteWebDriver.startSession(RemoteWebDriver.java:212)
	at org.openqa.selenium.remote.RemoteWebDriver.<init>(RemoteWebDriver.java:130)
	at org.openqa.selenium.chrome.ChromeDriver.<init>(ChromeDriver.java:181)
	at org.openqa.selenium.chrome.ChromeDriver.<init>(ChromeDriver.java:168)
	at org.openqa.selenium.chrome.ChromeDriver.<init>(ChromeDriver.java:123)
	at com.crm.base.TestBase.initialization(TestBase.java:33)
	at com.crm.test.ContactPageTest.Login(ContactPageTest.java:32)
	at sun.reflect.NativeMethodAccessorImpl.invoke0(Native Method)
	at sun.reflect.NativeMethodAccessorImpl.invoke(Unknown Source)
	at sun.reflect.DelegatingMethodAccessorImpl.invoke(Unknown Source)
	at java.lang.reflect.Method.invoke(Unknown Source)
	at org.testng.internal.MethodInvocationHelper.invokeMethod(MethodInvocationHelper.java:84)
	at org.testng.internal.Invoker.invokeConfigurationMethod(Invoker.java:564)
	at org.testng.internal.Invoker.invokeConfigurations(Invoker.java:213)
	at org.testng.internal.Invoker.invokeMethod(Invoker.java:653)
	at org.testng.internal.Invoker.invokeTestMethod(Invoker.java:901)
	at org.testng.internal.Invoker.invokeTestMethods(Invoker.java:1231)
	at org.testng.internal.TestMethodWorker.invokeTestMethods(TestMethodWorker.java:127)
	at org.testng.internal.TestMethodWorker.run(TestMethodWorker.java:111)
	at org.testng.TestRunner.privateRun(TestRunner.java:767)
	at org.testng.TestRunner.run(TestRunner.java:617)
	at org.testng.SuiteRunner.runTest(SuiteRunner.java:348)
	at org.testng.SuiteRunner.runSequentially(SuiteRunner.java:343)
	at org.testng.SuiteRunner.privateRun(SuiteRunner.java:305)
	at org.testng.SuiteRunner.run(SuiteRunner.java:254)
	at org.testng.SuiteRunnerWorker.runSuite(SuiteRunnerWorker.java:52)
	at org.testng.SuiteRunnerWorker.run(SuiteRunnerWorker.java:86)
	at org.testng.TestNG.runSuitesSequentially(TestNG.java:1224)
	at org.testng.TestNG.runSuitesLocally(TestNG.java:1149)
	at org.testng.TestNG.run(TestNG.java:1057)
	at org.testng.remote.AbstractRemoteTestNG.run(AbstractRemoteTestNG.java:115)
	at org.testng.remote.RemoteTestNG.initAndRun(RemoteTestNG.java:251)
	at org.testng.remote.RemoteTestNG.main(RemoteTestNG.java:77)
]]>
    </failure>
  </testcase> <!-- addContact -->
  <testcase name="addContact" time="0.004" classname="com.crm.test.ContactPageTest">
    <failure type="org.openqa.selenium.SessionNotCreatedException" message="session not created: This version of ChromeDriver only supports Chrome version 80
Build info: version: &#039;3.13.0&#039;, revision: &#039;2f0d292&#039;, time: &#039;2018-06-25T15:24:21.231Z&#039;
System info: host: &#039;CYRINE&#039;, ip: &#039;192.168.1.7&#039;, os.name: &#039;Windows 10&#039;, os.arch: &#039;amd64&#039;, os.version: &#039;10.0&#039;, java.version: &#039;1.8.0_231&#039;
Driver info: driver.version: ChromeDriver
remote stacktrace: Backtrace:
	Ordinal0 [0x00FB0C83+1707139]
	Ordinal0 [0x00F168F1+1075441]
	Ordinal0 [0x00E8DFC9+516041]
	Ordinal0 [0x00E20554+66900]
	Ordinal0 [0x00E1CCE2+52450]
	Ordinal0 [0x00E3BFD7+180183]
	Ordinal0 [0x00E3BDDD+179677]
	Ordinal0 [0x00E39D4B+171339]
	Ordinal0 [0x00E21D4A+73034]
	Ordinal0 [0x00E22DC0+77248]
	Ordinal0 [0x00E22D59+77145]
	Ordinal0 [0x00F2BB67+1162087]
	GetHandleVerifier [0x0104A966+508998]
	GetHandleVerifier [0x0104A6A4+508292]
	GetHandleVerifier [0x0105F7B7+594583]
	GetHandleVerifier [0x0104B1D6+511158]
	Ordinal0 [0x00F2402C+1130540]
	Ordinal0 [0x00F2D4CB+1168587]
	Ordinal0 [0x00F2D633+1168947]
	Ordinal0 [0x00F45B35+1268533]
	BaseThreadInitThunk [0x747C6359+25]
	RtlGetAppContainerNamedObjectPath [0x76FC7C24+228]
	RtlGetAppContainerNamedObjectPath [0x76FC7BF4+180]
">
      <![CDATA[org.openqa.selenium.SessionNotCreatedException: session not created: This version of ChromeDriver only supports Chrome version 80
Build info: version: '3.13.0', revision: '2f0d292', time: '2018-06-25T15:24:21.231Z'
System info: host: 'CYRINE', ip: '192.168.1.7', os.name: 'Windows 10', os.arch: 'amd64', os.version: '10.0', java.version: '1.8.0_231'
Driver info: driver.version: ChromeDriver
remote stacktrace: Backtrace:
	Ordinal0 [0x00FB0C83+1707139]
	Ordinal0 [0x00F168F1+1075441]
	Ordinal0 [0x00E8DFC9+516041]
	Ordinal0 [0x00E20554+66900]
	Ordinal0 [0x00E1CCE2+52450]
	Ordinal0 [0x00E3BFD7+180183]
	Ordinal0 [0x00E3BDDD+179677]
	Ordinal0 [0x00E39D4B+171339]
	Ordinal0 [0x00E21D4A+73034]
	Ordinal0 [0x00E22DC0+77248]
	Ordinal0 [0x00E22D59+77145]
	Ordinal0 [0x00F2BB67+1162087]
	GetHandleVerifier [0x0104A966+508998]
	GetHandleVerifier [0x0104A6A4+508292]
	GetHandleVerifier [0x0105F7B7+594583]
	GetHandleVerifier [0x0104B1D6+511158]
	Ordinal0 [0x00F2402C+1130540]
	Ordinal0 [0x00F2D4CB+1168587]
	Ordinal0 [0x00F2D633+1168947]
	Ordinal0 [0x00F45B35+1268533]
	BaseThreadInitThunk [0x747C6359+25]
	RtlGetAppContainerNamedObjectPath [0x76FC7C24+228]
	RtlGetAppContainerNamedObjectPath [0x76FC7BF4+180]

	at sun.reflect.NativeConstructorAccessorImpl.newInstance0(Native Method)
	at sun.reflect.NativeConstructorAccessorImpl.newInstance(Unknown Source)
	at sun.reflect.DelegatingConstructorAccessorImpl.newInstance(Unknown Source)
	at java.lang.reflect.Constructor.newInstance(Unknown Source)
	at org.openqa.selenium.remote.W3CHandshakeResponse.lambda$new$0(W3CHandshakeResponse.java:57)
	at org.openqa.selenium.remote.W3CHandshakeResponse.lambda$getResponseFunction$2(W3CHandshakeResponse.java:104)
	at org.openqa.selenium.remote.ProtocolHandshake.lambda$createSession$0(ProtocolHandshake.java:123)
	at java.util.stream.ReferencePipeline$3$1.accept(Unknown Source)
	at java.util.Spliterators$ArraySpliterator.tryAdvance(Unknown Source)
	at java.util.stream.ReferencePipeline.forEachWithCancel(Unknown Source)
	at java.util.stream.AbstractPipeline.copyIntoWithCancel(Unknown Source)
	at java.util.stream.AbstractPipeline.copyInto(Unknown Source)
	at java.util.stream.AbstractPipeline.wrapAndCopyInto(Unknown Source)
	at java.util.stream.FindOps$FindOp.evaluateSequential(Unknown Source)
	at java.util.stream.AbstractPipeline.evaluate(Unknown Source)
	at java.util.stream.ReferencePipeline.findFirst(Unknown Source)
	at org.openqa.selenium.remote.ProtocolHandshake.createSession(ProtocolHandshake.java:126)
	at org.openqa.selenium.remote.ProtocolHandshake.createSession(ProtocolHandshake.java:73)
	at org.openqa.selenium.remote.HttpCommandExecutor.execute(HttpCommandExecutor.java:136)
	at org.openqa.selenium.remote.service.DriverCommandExecutor.execute(DriverCommandExecutor.java:83)
	at org.openqa.selenium.remote.RemoteWebDriver.execute(RemoteWebDriver.java:548)
	at org.openqa.selenium.remote.RemoteWebDriver.startSession(RemoteWebDriver.java:212)
	at org.openqa.selenium.remote.RemoteWebDriver.<init>(RemoteWebDriver.java:130)
	at org.openqa.selenium.chrome.ChromeDriver.<init>(ChromeDriver.java:181)
	at org.openqa.selenium.chrome.ChromeDriver.<init>(ChromeDriver.java:168)
	at org.openqa.selenium.chrome.ChromeDriver.<init>(ChromeDriver.java:123)
	at com.crm.base.TestBase.initialization(TestBase.java:33)
	at com.crm.test.ContactPageTest.Login(ContactPageTest.java:32)
	at sun.reflect.NativeMethodAccessorImpl.invoke0(Native Method)
	at sun.reflect.NativeMethodAccessorImpl.invoke(Unknown Source)
	at sun.reflect.DelegatingMethodAccessorImpl.invoke(Unknown Source)
	at java.lang.reflect.Method.invoke(Unknown Source)
	at org.testng.internal.MethodInvocationHelper.invokeMethod(MethodInvocationHelper.java:84)
	at org.testng.internal.Invoker.invokeConfigurationMethod(Invoker.java:564)
	at org.testng.internal.Invoker.invokeConfigurations(Invoker.java:213)
	at org.testng.internal.Invoker.invokeMethod(Invoker.java:653)
	at org.testng.internal.Invoker.invokeTestMethod(Invoker.java:901)
	at org.testng.internal.Invoker.invokeTestMethods(Invoker.java:1231)
	at org.testng.internal.TestMethodWorker.invokeTestMethods(TestMethodWorker.java:127)
	at org.testng.internal.TestMethodWorker.run(TestMethodWorker.java:111)
	at org.testng.TestRunner.privateRun(TestRunner.java:767)
	at org.testng.TestRunner.run(TestRunner.java:617)
	at org.testng.SuiteRunner.runTest(SuiteRunner.java:348)
	at org.testng.SuiteRunner.runSequentially(SuiteRunner.java:343)
	at org.testng.SuiteRunner.privateRun(SuiteRunner.java:305)
	at org.testng.SuiteRunner.run(SuiteRunner.java:254)
	at org.testng.SuiteRunnerWorker.runSuite(SuiteRunnerWorker.java:52)
	at org.testng.SuiteRunnerWorker.run(SuiteRunnerWorker.java:86)
	at org.testng.TestNG.runSuitesSequentially(TestNG.java:1224)
	at org.testng.TestNG.runSuitesLocally(TestNG.java:1149)
	at org.testng.TestNG.run(TestNG.java:1057)
	at org.testng.remote.AbstractRemoteTestNG.run(AbstractRemoteTestNG.java:115)
	at org.testng.remote.RemoteTestNG.initAndRun(RemoteTestNG.java:251)
	at org.testng.remote.RemoteTestNG.main(RemoteTestNG.java:77)
]]>
    </failure>
  </testcase> <!-- addContact -->
</testsuite> <!-- com.crm.test.ContactPageTest -->
