<?xml version="1.0" encoding="UTF-8"?>
<!-- Generated by org.testng.reporters.JUnitXMLReporter -->
<testsuite hostname="Cyrine" name="Test" tests="3" failures="0" timestamp="13 Jun 2020 23:59:00 GMT" time="10.901" errors="0">
  <testcase name="@BeforeMethod Login" time="0.0" classname="com.crm.test.ContactPageTest">
    <failure type="org.openqa.selenium.SessionNotCreatedException" message="session not created: This version of ChromeDriver only supports Chrome version 80
Build info: version: &amp;apos;3.13.0&amp;apos;, revision: &amp;apos;2f0d292&amp;apos;, time: &amp;apos;2018-06-25T15:24:21.231Z&amp;apos;
System info: host: &amp;apos;CYRINE&amp;apos;, ip: &amp;apos;192.168.1.7&amp;apos;, os.name: &amp;apos;Windows 10&amp;apos;, os.arch: &amp;apos;x86&amp;apos;, os.version: &amp;apos;10.0&amp;apos;, java.version: &amp;apos;1.8.0_231&amp;apos;
Driver info: driver.version: ChromeDriver
remote stacktrace: Backtrace:
	Ordinal0 [0x00FB0C83+1707139]
	Ordinal0 [0x00F168F1+1075441]
	Ordinal0 [0x00E8DFC9+516041]
	Ordinal0 [0x00E20554+66900]
	Ordinal0 [0x00E1CCE2+52450]
	Ordinal0 [0x00E3BFD7+180183]
	Ordinal0 [0x00E3BDDD+179677]
	Ordinal0 [0x00E39D4B+171339]
	Ordinal0 [0x00E21D4A+73034]
	Ordinal0 [0x00E22DC0+77248]
	Ordinal0 [0x00E22D59+77145]
	Ordinal0 [0x00F2BB67+1162087]
	GetHandleVerifier [0x0104A966+508998]
	GetHandleVerifier [0x0104A6A4+508292]
	GetHandleVerifier [0x0105F7B7+594583]
	GetHandleVerifier [0x0104B1D6+511158]
	Ordinal0 [0x00F2402C+1130540]
	Ordinal0 [0x00F2D4CB+1168587]
	Ordinal0 [0x00F2D633+1168947]
	Ordinal0 [0x00F45B35+1268533]
	BaseThreadInitThunk [0x747C6359+25]
	RtlGetAppContainerNamedObjectPath [0x76FC7C24+228]
	RtlGetAppContainerNamedObjectPath [0x76FC7BF4+180]
">
      <![CDATA[org.openqa.selenium.SessionNotCreatedException: session not created: This version of ChromeDriver only supports Chrome version 80
Build info: version: '3.13.0', revision: '2f0d292', time: '2018-06-25T15:24:21.231Z'
System info: host: 'CYRINE', ip: '192.168.1.7', os.name: 'Windows 10', os.arch: 'x86', os.version: '10.0', java.version: '1.8.0_231'
Driver info: driver.version: ChromeDriver
remote stacktrace: Backtrace:
	Ordinal0 [0x00FB0C83+1707139]
	Ordinal0 [0x00F168F1+1075441]
	Ordinal0 [0x00E8DFC9+516041]
	Ordinal0 [0x00E20554+66900]
	Ordinal0 [0x00E1CCE2+52450]
	Ordinal0 [0x00E3BFD7+180183]
	Ordinal0 [0x00E3BDDD+179677]
	Ordinal0 [0x00E39D4B+171339]
	Ordinal0 [0x00E21D4A+73034]
	Ordinal0 [0x00E22DC0+77248]
	Ordinal0 [0x00E22D59+77145]
	Ordinal0 [0x00F2BB67+1162087]
	GetHandleVerifier [0x0104A966+508998]
	GetHandleVerifier [0x0104A6A4+508292]
	GetHandleVerifier [0x0105F7B7+594583]
	GetHandleVerifier [0x0104B1D6+511158]
	Ordinal0 [0x00F2402C+1130540]
	Ordinal0 [0x00F2D4CB+1168587]
	Ordinal0 [0x00F2D633+1168947]
	Ordinal0 [0x00F45B35+1268533]
	BaseThreadInitThunk [0x747C6359+25]
	RtlGetAppContainerNamedObjectPath [0x76FC7C24+228]
	RtlGetAppContainerNamedObjectPath [0x76FC7BF4+180]

	at org.openqa.selenium.remote.W3CHandshakeResponse.lambda$new$0(W3CHandshakeResponse.java:57)
	at org.openqa.selenium.remote.W3CHandshakeResponse.lambda$getResponseFunction$2(W3CHandshakeResponse.java:104)
	at org.openqa.selenium.remote.ProtocolHandshake.lambda$createSession$0(ProtocolHandshake.java:123)
	at java.util.stream.ReferencePipeline$3$1.accept(ReferencePipeline.java:193)
	at java.util.Spliterators$ArraySpliterator.tryAdvance(Spliterators.java:958)
	at java.util.stream.ReferencePipeline.forEachWithCancel(ReferencePipeline.java:126)
	at java.util.stream.AbstractPipeline.copyIntoWithCancel(AbstractPipeline.java:499)
	at java.util.stream.AbstractPipeline.copyInto(AbstractPipeline.java:486)
	at java.util.stream.AbstractPipeline.wrapAndCopyInto(AbstractPipeline.java:472)
	at java.util.stream.FindOps$FindOp.evaluateSequential(FindOps.java:152)
	at java.util.stream.AbstractPipeline.evaluate(AbstractPipeline.java:234)
	at java.util.stream.ReferencePipeline.findFirst(ReferencePipeline.java:464)
	at org.openqa.selenium.remote.ProtocolHandshake.createSession(ProtocolHandshake.java:126)
	at org.openqa.selenium.remote.ProtocolHandshake.createSession(ProtocolHandshake.java:73)
	at org.openqa.selenium.remote.HttpCommandExecutor.execute(HttpCommandExecutor.java:136)
	at org.openqa.selenium.remote.service.DriverCommandExecutor.execute(DriverCommandExecutor.java:83)
	at org.openqa.selenium.remote.RemoteWebDriver.execute(RemoteWebDriver.java:548)
	at org.openqa.selenium.remote.RemoteWebDriver.startSession(RemoteWebDriver.java:212)
	at org.openqa.selenium.remote.RemoteWebDriver.<init>(RemoteWebDriver.java:130)
	at org.openqa.selenium.chrome.ChromeDriver.<init>(ChromeDriver.java:181)
	at org.openqa.selenium.chrome.ChromeDriver.<init>(ChromeDriver.java:168)
	at org.openqa.selenium.chrome.ChromeDriver.<init>(ChromeDriver.java:123)
	at com.crm.base.TestBase.initialization(TestBase.java:33)
	at com.crm.test.ContactPageTest.Login(ContactPageTest.java:32)
... Removed 34 stack frames]]>
    </failure>
  </testcase> <!-- @BeforeMethod Login -->
  <testcase name="@AfterMethod down" time="0.0" classname="com.crm.test.ContactPageTest">
    <skipped/>
  </testcase> <!-- @AfterMethod down -->
  <testcase name="@BeforeMethod Login" time="0.0" classname="com.crm.test.ContactPageTest">
    <skipped/>
  </testcase> <!-- @BeforeMethod Login -->
  <testcase name="@AfterMethod down" time="0.0" classname="com.crm.test.ContactPageTest">
    <skipped/>
  </testcase> <!-- @AfterMethod down -->
  <testcase name="@BeforeMethod Login" time="0.0" classname="com.crm.test.ContactPageTest">
    <skipped/>
  </testcase> <!-- @BeforeMethod Login -->
  <testcase name="@AfterMethod down" time="0.0" classname="com.crm.test.ContactPageTest">
    <skipped/>
  </testcase> <!-- @AfterMethod down -->
  <testcase name="addContact" time="0.002" classname="com.crm.test.ContactPageTest">
    <skipped/>
  </testcase> <!-- addContact -->
  <testcase name="addContact" time="0.0" classname="com.crm.test.ContactPageTest">
    <skipped/>
  </testcase> <!-- addContact -->
  <testcase name="addContact" time="0.0" classname="com.crm.test.ContactPageTest">
    <skipped/>
  </testcase> <!-- addContact -->
</testsuite> <!-- Test -->
